# JRE version: Java(TM) SE Runtime Environment (8.0_65-b17) (build 1.8.0_65-b17)
# Java VM: Java HotSpot(TM) 64-Bit Server VM (25.65-b01 mixed mode windows-amd64 compressed oops)
Heap:
 PSYoungGen      total 435712K, used 393952K [0x00000000e0000000, 0x00000000ff800000, 0x0000000100000000)
  eden space 402432K, 89% used [0x00000000e0000000,0x00000000f606a080,0x00000000f8900000)
  from space 33280K, 99% used [0x00000000f8900000,0x00000000fa94e0d0,0x00000000fa980000)
  to   space 56832K, 0% used [0x00000000fc080000,0x00000000fc080000,0x00000000ff800000)
 ParOldGen       total 218624K, used 66926K [0x00000000a0000000, 0x00000000ad580000, 0x00000000e0000000)
  object space 218624K, 30% used [0x00000000a0000000,0x00000000a415b920,0x00000000ad580000)
 Metaspace       used 97940K, capacity 108120K, committed 108456K, reserved 1142784K
  class space    used 12508K, capacity 14925K, committed 15024K, reserved 1048576K
GC Heap History (10 events):
Event: 4641.405 GC heap before
{Heap before GC invocations=37 (full 4):
 PSYoungGen      total 465920K, used 439352K [0x00000000e0000000, 0x0000000100000000, 0x0000000100000000)
  eden space 406016K, 100% used [0x00000000e0000000,0x00000000f8c80000,0x00000000f8c80000)
  from space 59904K, 55% used [0x00000000fc580000,0x00000000fe60e218,0x0000000100000000)
  to   space 58368K, 0% used [0x00000000f8c80000,0x00000000f8c80000,0x00000000fc580000)
 ParOldGen       total 218624K, used 66894K [0x00000000a0000000, 0x00000000ad580000, 0x00000000e0000000)
  object space 218624K, 30% used [0x00000000a0000000,0x00000000a4153920,0x00000000ad580000)
 Metaspace       used 95740K, capacity 105074K, committed 105256K, reserved 1140736K
  class space    used 12214K, capacity 14358K, committed 14384K, reserved 1048576K
Event: 4641.447 GC heap after
Heap after GC invocations=37 (full 4):
 PSYoungGen      total 440832K, used 34773K [0x00000000e0000000, 0x00000000ffc80000, 0x0000000100000000)
  eden space 406016K, 0% used [0x00000000e0000000,0x00000000e0000000,0x00000000f8c80000)
  from space 34816K, 99% used [0x00000000f8c80000,0x00000000fae75748,0x00000000fae80000)
  to   space 57344K, 0% used [0x00000000fc480000,0x00000000fc480000,0x00000000ffc80000)
 ParOldGen       total 218624K, used 66902K [0x00000000a0000000, 0x00000000ad580000, 0x00000000e0000000)
  object space 218624K, 30% used [0x00000000a0000000,0x00000000a4155920,0x00000000ad580000)
 Metaspace       used 95740K, capacity 105074K, committed 105256K, reserved 1140736K
  class space    used 12214K, capacity 14358K, committed 14384K, reserved 1048576K
}
Event: 4713.034 GC heap before
{Heap before GC invocations=38 (full 4):
 PSYoungGen      total 440832K, used 439900K [0x00000000e0000000, 0x00000000ffc80000, 0x0000000100000000)
  eden space 406016K, 99% used [0x00000000e0000000,0x00000000f8ba1a78,0x00000000f8c80000)
  from space 34816K, 99% used [0x00000000f8c80000,0x00000000fae75748,0x00000000fae80000)
  to   space 57344K, 0% used [0x00000000fc480000,0x00000000fc480000,0x00000000ffc80000)
 ParOldGen       total 218624K, used 66902K [0x00000000a0000000, 0x00000000ad580000, 0x00000000e0000000)
  object space 218624K, 30% used [0x00000000a0000000,0x00000000a4155920,0x00000000ad580000)
 Metaspace       used 96526K, capacity 106056K, committed 106280K, reserved 1140736K
  class space    used 12317K, capacity 14543K, committed 14640K, reserved 1048576K
Event: 4713.086 GC heap after
Heap after GC invocations=38 (full 4):
 PSYoungGen      total 461824K, used 41758K [0x00000000e0000000, 0x0000000100000000, 0x0000000100000000)
  eden space 404480K, 0% used [0x00000000e0000000,0x00000000e0000000,0x00000000f8b00000)
  from space 57344K, 72% used [0x00000000fc480000,0x00000000fed47a60,0x00000000ffc80000)
  to   space 58880K, 0% used [0x00000000f8b00000,0x00000000f8b00000,0x00000000fc480000)
 ParOldGen       total 218624K, used 66910K [0x00000000a0000000, 0x00000000ad580000, 0x00000000e0000000)
  object space 218624K, 30% used [0x00000000a0000000,0x00000000a4157920,0x00000000ad580000)
 Metaspace       used 96526K, capacity 106056K, committed 106280K, reserved 1140736K
  class space    used 12317K, capacity 14543K, committed 14640K, reserved 1048576K
}
Event: 5419.768 GC heap before
{Heap before GC invocations=39 (full 4):
 PSYoungGen      total 461824K, used 446238K [0x00000000e0000000, 0x0000000100000000, 0x0000000100000000)
  eden space 404480K, 100% used [0x00000000e0000000,0x00000000f8b00000,0x00000000f8b00000)
  from space 57344K, 72% used [0x00000000fc480000,0x00000000fed47a60,0x00000000ffc80000)
  to   space 58880K, 0% used [0x00000000f8b00000,0x00000000f8b00000,0x00000000fc480000)
 ParOldGen       total 218624K, used 66910K [0x00000000a0000000, 0x00000000ad580000, 0x00000000e0000000)
  object space 218624K, 30% used [0x00000000a0000000,0x00000000a4157920,0x00000000ad580000)
 Metaspace       used 96731K, capacity 106320K, committed 106536K, reserved 1140736K
  class space    used 12337K, capacity 14593K, committed 14640K, reserved 1048576K
Event: 5419.848 GC heap after
Heap after GC invocations=39 (full 4):
 PSYoungGen      total 453120K, used 48218K [0x00000000e0000000, 0x0000000100000000, 0x0000000100000000)
  eden space 404480K, 0% used [0x00000000e0000000,0x00000000e0000000,0x00000000f8b00000)
  from space 48640K, 99% used [0x00000000f8b00000,0x00000000fba16848,0x00000000fba80000)
  to   space 61952K, 0% used [0x00000000fc380000,0x00000000fc380000,0x0000000100000000)
 ParOldGen       total 218624K, used 66910K [0x00000000a0000000, 0x00000000ad580000, 0x00000000e0000000)
  object space 218624K, 30% used [0x00000000a0000000,0x00000000a4157920,0x00000000ad580000)
 Metaspace       used 96731K, capacity 106320K, committed 106536K, reserved 1140736K
  class space    used 12337K, capacity 14593K, committed 14640K, reserved 1048576K
}
Event: 6868.423 GC heap before
{Heap before GC invocations=40 (full 4):
 PSYoungGen      total 453120K, used 452698K [0x00000000e0000000, 0x0000000100000000, 0x0000000100000000)
  eden space 404480K, 100% used [0x00000000e0000000,0x00000000f8b00000,0x00000000f8b00000)
  from space 48640K, 99% used [0x00000000f8b00000,0x00000000fba16848,0x00000000fba80000)
  to   space 61952K, 0% used [0x00000000fc380000,0x00000000fc380000,0x0000000100000000)
 ParOldGen       total 218624K, used 66910K [0x00000000a0000000, 0x00000000ad580000, 0x00000000e0000000)
  object space 218624K, 30% used [0x00000000a0000000,0x00000000a4157920,0x00000000ad580000)
 Metaspace       used 97176K, capacity 106952K, committed 107176K, reserved 1142784K
  class space    used 12389K, capacity 14675K, committed 14768K, reserved 1048576K
Event: 6868.459 GC heap after
Heap after GC invocations=40 (full 4):
 PSYoungGen      total 464384K, used 31238K [0x00000000e0000000, 0x0000000100000000, 0x0000000100000000)
  eden space 402432K, 0% used [0x00000000e0000000,0x00000000e0000000,0x00000000f8900000)
  from space 61952K, 50% used [0x00000000fc380000,0x00000000fe201b80,0x0000000100000000)
  to   space 59904K, 0% used [0x00000000f8900000,0x00000000f8900000,0x00000000fc380000)
 ParOldGen       total 218624K, used 66918K [0x00000000a0000000, 0x00000000ad580000, 0x00000000e0000000)
  object space 218624K, 30% used [0x00000000a0000000,0x00000000a4159920,0x00000000ad580000)
 Metaspace       used 97176K, capacity 106952K, committed 107176K, reserved 1142784K
  class space    used 12389K, capacity 14675K, committed 14768K, reserved 1048576K
}
Event: 7214.809 GC heap before
{Heap before GC invocations=41 (full 4):
 PSYoungGen      total 464384K, used 433670K [0x00000000e0000000, 0x0000000100000000, 0x0000000100000000)
  eden space 402432K, 100% used [0x00000000e0000000,0x00000000f8900000,0x00000000f8900000)
  from space 61952K, 50% used [0x00000000fc380000,0x00000000fe201b80,0x0000000100000000)
  to   space 59904K, 0% used [0x00000000f8900000,0x00000000f8900000,0x00000000fc380000)
 ParOldGen       total 218624K, used 66918K [0x00000000a0000000, 0x00000000ad580000, 0x00000000e0000000)
  object space 218624K, 30% used [0x00000000a0000000,0x00000000a4159920,0x00000000ad580000)
 Metaspace       used 97580K, capacity 107388K, committed 107432K, reserved 1142784K
  class space    used 12444K, capacity 14757K, committed 14768K, reserved 1048576K
Event: 7214.848 GC heap after
Heap after GC invocations=41 (full 4):
 PSYoungGen      total 435712K, used 33080K [0x00000000e0000000, 0x00000000ff800000, 0x0000000100000000)
  eden space 402432K, 0% used [0x00000000e0000000,0x00000000e0000000,0x00000000f8900000)
  from space 33280K, 99% used [0x00000000f8900000,0x00000000fa94e0d0,0x00000000fa980000)
  to   space 56832K, 0% used [0x00000000fc080000,0x00000000fc080000,0x00000000ff800000)
 ParOldGen       total 218624K, used 66926K [0x00000000a0000000, 0x00000000ad580000, 0x00000000e0000000)
  object space 218624K, 30% used [0x00000000a0000000,0x00000000a415b920,0x00000000ad580000)
 Metaspace       used 97580K, capacity 107388K, committed 107432K, reserved 1142784K
  class space    used 12444K, capacity 14757K, committed 14768K, reserved 1048576K
}

